[2019-11-13 14:33:52.832] [exthost] [info] extension host started
[2019-11-13 14:33:53.318] [exthost] [info] extension host started
[2019-11-13 14:33:53.355] [exthost] [info] ExtensionService#_doActivateExtension HookyQR.beautify {"startup":true,"activationEvent":"*"}
[2019-11-13 14:33:53.355] [exthost] [info] ExtensionService#loadCommonJSModule C:\Angular IDE\plugins\pack.core.win32_3.6.0.201910290238\HookyQR.beautify-1.4.11\extension
[2019-11-13 14:33:53.869] [exthost] [info] ExtensionService#_doActivateExtension christian-kohler.path-intellisense {"startup":true,"activationEvent":"*"}
[2019-11-13 14:33:53.869] [exthost] [info] ExtensionService#loadCommonJSModule C:\Angular IDE\plugins\pack.core.win32_3.6.0.201910290238\christian-kohler.path-intellisense-1.4.2\out\src\extension
[2019-11-13 14:33:53.984] [exthost] [info] ExtensionService#_doActivateExtension dbaeumer.vscode-eslint {"startup":true,"activationEvent":"*"}
[2019-11-13 14:33:53.984] [exthost] [info] ExtensionService#loadCommonJSModule C:\Angular IDE\plugins\pack.core.win32_3.6.0.201910290238\dbaeumer.vscode-eslint-1.9.0\client\out\extension
[2019-11-13 14:33:54.076] [exthost] [info] ExtensionService#_doActivateExtension vscode.debug-auto-launch {"startup":true,"activationEvent":"*"}
[2019-11-13 14:33:54.076] [exthost] [info] ExtensionService#loadCommonJSModule c:\Angular IDE\plugins\com.genuitec.eclipse.code.engine.app.win32.x86_3.6.0.201910290238\engine\resources\app\extensions\debug-auto-launch\dist\extension
[2019-11-13 14:33:54.109] [exthost] [info] ExtensionService#_doActivateExtension vscode.emmet {"startup":true,"activationEvent":"*"}
[2019-11-13 14:33:54.109] [exthost] [info] ExtensionService#loadCommonJSModule c:\Angular IDE\plugins\com.genuitec.eclipse.code.engine.app.win32.x86_3.6.0.201910290238\engine\resources\app\extensions\emmet\dist\extension
[2019-11-13 14:33:54.174] [exthost] [info] ExtensionService#_doActivateExtension formulahendry.auto-close-tag {"startup":true,"activationEvent":"*"}
[2019-11-13 14:33:54.175] [exthost] [info] ExtensionService#loadCommonJSModule C:\Angular IDE\plugins\pack.core.win32_3.6.0.201910290238\formulahendry.auto-close-tag-0.5.6\out\src\extension
[2019-11-13 14:33:54.185] [exthost] [info] ExtensionService#_doActivateExtension vscode.grunt {"startup":false,"activationEvent":"onCommand:workbench.action.tasks.runTask"}
[2019-11-13 14:33:54.186] [exthost] [info] ExtensionService#loadCommonJSModule c:\Angular IDE\plugins\com.genuitec.eclipse.code.engine.app.win32.x86_3.6.0.201910290238\engine\resources\app\extensions\grunt\dist\main
[2019-11-13 14:33:54.217] [exthost] [info] ExtensionService#_doActivateExtension vscode.gulp {"startup":false,"activationEvent":"onCommand:workbench.action.tasks.runTask"}
[2019-11-13 14:33:54.217] [exthost] [info] ExtensionService#loadCommonJSModule c:\Angular IDE\plugins\com.genuitec.eclipse.code.engine.app.win32.x86_3.6.0.201910290238\engine\resources\app\extensions\gulp\dist\main
[2019-11-13 14:33:54.260] [exthost] [info] ExtensionService#_doActivateExtension vscode.jake {"startup":false,"activationEvent":"onCommand:workbench.action.tasks.runTask"}
[2019-11-13 14:33:54.260] [exthost] [info] ExtensionService#loadCommonJSModule c:\Angular IDE\plugins\com.genuitec.eclipse.code.engine.app.win32.x86_3.6.0.201910290238\engine\resources\app\extensions\jake\dist\main
[2019-11-13 14:33:54.293] [exthost] [info] ExtensionService#_doActivateExtension vscode.npm {"startup":false,"activationEvent":"onCommand:workbench.action.tasks.runTask"}
[2019-11-13 14:33:54.293] [exthost] [info] ExtensionService#loadCommonJSModule c:\Angular IDE\plugins\com.genuitec.eclipse.code.engine.app.win32.x86_3.6.0.201910290238\engine\resources\app\extensions\npm\dist\main
[2019-11-13 14:33:54.395] [exthost] [info] ExtensionService#_doActivateExtension vscode.typescript-language-features {"startup":false,"activationEvent":"onCommand:workbench.action.tasks.runTask"}
[2019-11-13 14:33:54.395] [exthost] [info] ExtensionService#loadCommonJSModule c:\Angular IDE\plugins\com.genuitec.eclipse.code.engine.app.win32.x86_3.6.0.201910290238\engine\resources\app\extensions\typescript-language-features\dist\extension
[2019-11-13 14:33:54.704] [exthost] [info] ExtensionService#_doActivateExtension vscode.configuration-editing {"startup":false,"activationEvent":"onLanguage:jsonc"}
[2019-11-13 14:33:54.704] [exthost] [info] ExtensionService#loadCommonJSModule c:\Angular IDE\plugins\com.genuitec.eclipse.code.engine.app.win32.x86_3.6.0.201910290238\engine\resources\app\extensions\configuration-editing\dist\extension
[2019-11-13 14:33:54.750] [exthost] [info] ExtensionService#_doActivateExtension vscode.json-language-features {"startup":false,"activationEvent":"onLanguage:jsonc"}
[2019-11-13 14:33:54.750] [exthost] [info] ExtensionService#loadCommonJSModule c:\Angular IDE\plugins\com.genuitec.eclipse.code.engine.app.win32.x86_3.6.0.201910290238\engine\resources\app\extensions\json-language-features\client\dist\jsonMain
[2019-11-13 14:33:54.956] [exthost] [info] eager extensions activated
