Nov 13, 2019 2:33:05 PM com.genuitec.pulse.client.deliverypackage.runtime.internal.Activator initializeLoggers
INFO: Package starting up at Wed Nov 13 14:33:05 EST 2019
Nov 13, 2019 2:33:14 PM com.genuitec.pulse.client.deliverypackage.runtime.UpdatesService checkForUpdates
INFO: Newer promotion of package is available; update check finished in 2234ms
Nov 13, 2019 2:33:22 PM org.glassfish.grizzly.nio.NIOTransport start
INFO: Adjusting kernel thread pool to max size 9 to handle configured number of SelectorRunners
Nov 13, 2019 2:33:22 PM org.glassfish.grizzly.http.server.NetworkListener start
INFO: Started listener bound to [127.0.0.1:64864]
Nov 13, 2019 2:33:22 PM org.glassfish.grizzly.http.server.HttpServer start
INFO: [HttpServer] Started.
Nov 13, 2019 2:33:22 PM org.glassfish.tyrus.server.Server start
INFO: WebSocket Registered apps: URLs all start with ws://127.0.0.1:64864
Nov 13, 2019 2:33:22 PM org.glassfish.tyrus.server.Server start
INFO: WebSocket server started.
Nov 13, 2019 2:33:58 PM com.genuitec.pulse.client.common.fileutil.LibraryLoader loadLibrary
INFO: Preparing to load jregistrykey from bundle com.genuitec.pulse.client.delivery.platform
Nov 13, 2019 2:33:58 PM com.genuitec.pulse.client.common.fileutil.LibraryLoader loadLibrary
INFO: Located concrete library jregistrykey_3213 from bundle com.genuitec.pulse.client.delivery.platform for pattern jregistrykey*.dll
Nov 13, 2019 2:33:58 PM com.genuitec.pulse.client.common.fileutil.LibraryLoader loadLibrary
INFO: Loaded required library jregistrykey_3213 from bundle com.genuitec.pulse.client.delivery.platform
Nov 13, 2019 2:33:58 PM com.genuitec.pulse.client.common.fileutil.LibraryLoader loadLibrary
INFO: Preparing to load jshortcut from bundle com.genuitec.pulse.client.delivery.platform
Nov 13, 2019 2:33:58 PM com.genuitec.pulse.client.common.fileutil.LibraryLoader loadLibrary
INFO: Located concrete library jshortcut_3213 from bundle com.genuitec.pulse.client.delivery.platform for pattern jshortcut*.dll
Nov 13, 2019 2:33:59 PM com.genuitec.pulse.client.common.fileutil.LibraryLoader loadLibrary
INFO: Loaded required library jshortcut_3213 from bundle com.genuitec.pulse.client.delivery.platform
Nov 13, 2019 2:44:11 PM org.glassfish.grizzly.http.server.NetworkListener shutdownNow
INFO: Stopped listener bound to [127.0.0.1:64864]
Nov 13, 2019 2:44:11 PM org.glassfish.tyrus.server.Server stop
INFO: Websocket Server stopped.
